[2026-03-04 12:49:42.404] [info] Starting SSH Sync Application
[2026-03-04 12:49:42.404] [info] Username: zb_bamboo
[2026-03-04 12:49:42.404] [info] Target Host: 192.168.0.31
[2026-03-04 12:49:42.404] [info] Source Folder: /Users/zb_bamboo/Documents/DEV/Rust/Geocoder
[2026-03-04 12:49:42.404] [info] Custom LOG_LEVEL active: info
[2026-03-04 12:49:42.404] [warning] --- DRY-RUN MODE ENABLED - No changes will be made to remote server ---
[2026-03-04 12:49:42.404] [info] Resolved target directory from .env: /home/zb_bamboo/target
[2026-03-04 12:49:42.404] [info] Connecting to 192.168.0.31 as zb_bamboo...
[2026-03-04 12:49:42.573] [info] SSH authenticated successfully using SSH agent.
[2026-03-04 12:49:42.911] [info] SFTP session initialized.
[2026-03-04 12:49:42.912] [info] Starting recursive copy of /Users/zb_bamboo/Documents/DEV/Rust/Geocoder to remote /home/zb_bamboo/target/Rust/Geocoder
[2026-03-04 12:49:42.912] [info] Spawning 4 worker threads for parallel sync...
[2026-03-04 12:49:42.912] [info] [DRY-RUN] Would create base remote directory: /home/zb_bamboo/target/Rust/Geocoder
[2026-03-04 12:49:42.912] [info] Connecting to 192.168.0.31 as zb_bamboo...
[2026-03-04 12:49:42.913] [info] [DRY-RUN] Would create directory: /home/zb_bamboo/target/Rust/Geocoder/target
[2026-03-04 12:49:42.913] [info] [DRY-RUN] Would create directory: /home/zb_bamboo/target/Rust/Geocoder/target/debug
[2026-03-04 12:49:42.914] [info] [DRY-RUN] Would create directory: /home/zb_bamboo/target/Rust/Geocoder/target/debug/.fingerprint
[2026-03-04 12:49:42.914] [info] Connecting to 192.168.0.31 as zb_bamboo...
[2026-03-04 12:49:42.914] [info] [DRY-RUN] Would create directory: /home/zb_bamboo/target/Rust/Geocoder/target/debug/.fingerprint/lock_api-37d0e9a306713fd0
[2026-03-04 12:49:42.915] [info] Connecting to 192.168.0.31 as zb_bamboo...
[2026-03-04 12:49:42.915] [info] Connecting to 192.168.0.31 as zb_bamboo...
[2026-03-04 12:49:42.916] [info] [DRY-RUN] Would create directory: /home/zb_bamboo/target/Rust/Geocoder/target/debug/.fingerprint/equivalent-cf42d7d042fa9cff
[2026-03-04 12:49:42.917] [info] [DRY-RUN] Would create directory: /home/zb_bamboo/target/Rust/Geocoder/target/debug/.fingerprint/mio-e5164e5925b879af
[2026-03-04 12:49:42.917] [info] [DRY-RUN] Would create directory: /home/zb_bamboo/target/Rust/Geocoder/target/debug/.fingerprint/uncased-50eda8f567cb2118
[2026-03-04 12:49:42.918] [info] [DRY-RUN] Would create directory: /home/zb_bamboo/target/Rust/Geocoder/target/debug/.fingerprint/geocoder-fa3f73f7822cc8cb
[2026-03-04 12:49:42.918] [info] [DRY-RUN] Would create directory: /home/zb_bamboo/target/Rust/Geocoder/target/debug/.fingerprint/fastrand-3c2f48af25e101b7
[2026-03-04 12:49:42.919] [info] [DRY-RUN] Would create directory: /home/zb_bamboo/target/Rust/Geocoder/target/debug/.fingerprint/rustix-6a32cc5165262c3c
[2026-03-04 12:49:42.920] [info] [DRY-RUN] Would create directory: /home/zb_bamboo/target/Rust/Geocoder/target/debug/.fingerprint/futures-task-a8d5acb2f970aa24
[2026-03-04 12:49:42.920] [info] [DRY-RUN] Would create directory: /home/zb_bamboo/target/Rust/Geocoder/target/debug/.fingerprint/spin-6d901904dbf999bf
[2026-03-04 12:49:42.921] [info] [DRY-RUN] Would create directory: /home/zb_bamboo/target/Rust/Geocoder/target/debug/.fingerprint/figment-b84f283e8e5f2ce1
[2026-03-04 12:49:42.921] [info] [DRY-RUN] Would create directory: /home/zb_bamboo/target/Rust/Geocoder/target/debug/.fingerprint/toml-d6eb9764e3fa9336
[2026-03-04 12:49:42.922] [info] [DRY-RUN] Would create directory: /home/zb_bamboo/target/Rust/Geocoder/target/debug/.fingerprint/parking_lot-ac62a161c4e7315c
[2026-03-04 12:49:42.922] [info] [DRY-RUN] Would create directory: /home/zb_bamboo/target/Rust/Geocoder/target/debug/.fingerprint/futures-util-2a747513214ef498
[2026-03-04 12:49:42.923] [info] [DRY-RUN] Would create directory: /home/zb_bamboo/target/Rust/Geocoder/target/debug/.fingerprint/yansi-ec28571435b67e40
[2026-03-04 12:49:42.923] [info] [DRY-RUN] Would create directory: /home/zb_bamboo/target/Rust/Geocoder/target/debug/.fingerprint/fnv-2b5f1d11801282ae
[2026-03-04 12:49:42.923] [info] [DRY-RUN] Would create directory: /home/zb_bamboo/target/Rust/Geocoder/target/debug/.fingerprint/futures-channel-c0df9314cfa0f28b
[2026-03-04 12:49:42.924] [info] [DRY-RUN] Would create directory: /home/zb_bamboo/target/Rust/Geocoder/target/debug/.fingerprint/memchr-16d5fdda4c3a1869
[2026-03-04 12:49:42.924] [info] [DRY-RUN] Would create directory: /home/zb_bamboo/target/Rust/Geocoder/target/debug/.fingerprint/indexmap-425cf7dc284130da
[2026-03-04 12:49:42.925] [info] [DRY-RUN] Would create directory: /home/zb_bamboo/target/Rust/Geocoder/target/debug/.fingerprint/encoding_rs-2413d7a846c74d52
[2026-03-04 12:49:42.925] [info] [DRY-RUN] Would create directory: /home/zb_bamboo/target/Rust/Geocoder/target/debug/.fingerprint/serde-c61342466eb62518
[2026-03-04 12:49:42.925] [info] [DRY-RUN] Would create directory: /home/zb_bamboo/target/Rust/Geocoder/target/debug/.fingerprint/pin-utils-5a24728f934d4092
[2026-03-04 12:49:42.926] [info] [DRY-RUN] Would create directory: /home/zb_bamboo/target/Rust/Geocoder/target/debug/.fingerprint/lock_api-486384e6ca01e975
[2026-03-04 12:49:42.926] [info] [DRY-RUN] Would create directory: /home/zb_bamboo/target/Rust/Geocoder/target/debug/.fingerprint/tracing-core-be49064e63657bbd
[2026-03-04 12:49:42.927] [info] [DRY-RUN] Would create directory: /home/zb_bamboo/target/Rust/Geocoder/target/debug/.fingerprint/smallvec-5a87d6d78ee191d4
[2026-03-04 12:49:42.927] [info] [DRY-RUN] Would create directory: /home/zb_bamboo/target/Rust/Geocoder/target/debug/.fingerprint/ref-cast-9a5cdc2f650283ae
[2026-03-04 12:49:42.927] [info] [DRY-RUN] Would create directory: /home/zb_bamboo/target/Rust/Geocoder/target/debug/.fingerprint/async-trait-3d19d280ac648852
[2026-03-04 12:49:42.928] [info] [DRY-RUN] Would create directory: /home/zb_bamboo/target/Rust/Geocoder/target/debug/.fingerprint/percent-encoding-e9c17236bd348246
[2026-03-04 12:49:42.928] [info] [DRY-RUN] Would create directory: /home/zb_bamboo/target/Rust/Geocoder/target/debug/.fingerprint/tokio-util-83ac9bc5a4959da1
[2026-03-04 12:49:42.928] [info] [DRY-RUN] Would create directory: /home/zb_bamboo/target/Rust/Geocoder/target/debug/.fingerprint/atomic-34ae3ddbafe7939a
[2026-03-04 12:49:42.929] [info] [DRY-RUN] Would create directory: /home/zb_bamboo/target/Rust/Geocoder/target/debug/.fingerprint/stable-pattern-40235d686d117588
[2026-03-04 12:49:42.929] [info] [DRY-RUN] Would create directory: /home/zb_bamboo/target/Rust/Geocoder/target/debug/.fingerprint/pin-project-lite-70c20aecb8988546
[2026-03-04 12:49:42.929] [info] [DRY-RUN] Would create directory: /home/zb_bamboo/target/Rust/Geocoder/target/debug/.fingerprint/uncased-fb285a77b4a90acb
[2026-03-04 12:49:42.930] [info] [DRY-RUN] Would create directory: /home/zb_bamboo/target/Rust/Geocoder/target/debug/.fingerprint/ref-cast-ebc0f75ad18569c2
[2026-03-04 12:49:42.930] [info] [DRY-RUN] Would create directory: /home/zb_bamboo/target/Rust/Geocoder/target/debug/.fingerprint/log-2c7ad8b6612fe305
[2026-03-04 12:49:42.931] [info] [DRY-RUN] Would create directory: /home/zb_bamboo/target/Rust/Geocoder/target/debug/.fingerprint/tempfile-f2fdd5298cdbc557
[2026-03-04 12:49:42.931] [info] [DRY-RUN] Would create directory: /home/zb_bamboo/target/Rust/Geocoder/target/debug/.fingerprint/is-terminal-e824fd0414a0e991
[2026-03-04 12:49:42.931] [info] [DRY-RUN] Would create directory: /home/zb_bamboo/target/Rust/Geocoder/target/debug/.fingerprint/lock_api-70eb8f3ceb0289e0
[2026-03-04 12:49:42.932] [info] [DRY-RUN] Would create directory: /home/zb_bamboo/target/Rust/Geocoder/target/debug/.fingerprint/async-stream-428136c3a451a9c1
[2026-03-04 12:49:42.932] [info] [DRY-RUN] Would create directory: /home/zb_bamboo/target/Rust/Geocoder/target/debug/.fingerprint/tower-service-4c675e51400170f4
[2026-03-04 12:49:42.932] [info] [DRY-RUN] Would create directory: /home/zb_bamboo/target/Rust/Geocoder/target/debug/.fingerprint/fnv-f8f1047efec60cb9
[2026-03-04 12:49:42.933] [info] [DRY-RUN] Would create directory: /home/zb_bamboo/target/Rust/Geocoder/target/debug/.fingerprint/rand_core-4d5b8fe65a67b8de
[2026-03-04 12:49:42.933] [info] [DRY-RUN] Would create directory: /home/zb_bamboo/target/Rust/Geocoder/target/debug/.fingerprint/tracing-1ff06c7a4dd9508f
[2026-03-04 12:49:42.933] [info] [DRY-RUN] Would create directory: /home/zb_bamboo/target/Rust/Geocoder/target/debug/.fingerprint/rocket_http-26c5849c5b8076e2
[2026-03-04 12:49:42.934] [info] [DRY-RUN] Would create directory: /home/zb_bamboo/target/Rust/Geocoder/target/debug/.fingerprint/once_cell-30a5718c0f2a1dd3
[2026-03-04 12:49:42.934] [info] [DRY-RUN] Would create directory: /home/zb_bamboo/target/Rust/Geocoder/target/debug/.fingerprint/futures-core-1a737ac83d0a252f
[2026-03-04 12:49:42.934] [info] [DRY-RUN] Would create directory: /home/zb_bamboo/target/Rust/Geocoder/target/debug/.fingerprint/futures-util-f2d008131c04e391
[2026-03-04 12:49:42.935] [info] [DRY-RUN] Would create directory: /home/zb_bamboo/target/Rust/Geocoder/target/debug/.fingerprint/futures-sink-6a2cd7458850b39c
[2026-03-04 12:49:42.935] [info] [DRY-RUN] Would create directory: /home/zb_bamboo/target/Rust/Geocoder/target/debug/.fingerprint/hyper-860d83301f592f08
[2026-03-04 12:49:42.935] [info] [DRY-RUN] Would create directory: /home/zb_bamboo/target/Rust/Geocoder/target/debug/.fingerprint/serde-57d4140e53d946ef
[2026-03-04 12:49:42.936] [info] [DRY-RUN] Would create directory: /home/zb_bamboo/target/Rust/Geocoder/target/debug/.fingerprint/log-072bdb50ab6bba6b
[2026-03-04 12:49:42.936] [info] [DRY-RUN] Would create directory: /home/zb_bamboo/target/Rust/Geocoder/target/debug/.fingerprint/signal-hook-registry-4d7aa66d2982e50a
[2026-03-04 12:49:42.936] [info] [DRY-RUN] Would create directory: /home/zb_bamboo/target/Rust/Geocoder/target/debug/.fingerprint/ref-cast-impl-7cf573b7e4fb668d
[2026-03-04 12:49:42.937] [info] [DRY-RUN] Would create directory: /home/zb_bamboo/target/Rust/Geocoder/target/debug/.fingerprint/getrandom-1a5c5ffe1f012a24
[2026-03-04 12:49:42.937] [info] [DRY-RUN] Would create directory: /home/zb_bamboo/target/Rust/Geocoder/target/debug/.fingerprint/geocoder-1a8e7b1897947c7a
[2026-03-04 12:49:42.937] [info] [DRY-RUN] Would create directory: /home/zb_bamboo/target/Rust/Geocoder/target/debug/.fingerprint/futures-ba3b03238ff3723b
[2026-03-04 12:49:42.937] [info] [DRY-RUN] Would create directory: /home/zb_bamboo/target/Rust/Geocoder/target/debug/.fingerprint/futures-channel-353735a47607a038
[2026-03-04 12:49:42.938] [info] [DRY-RUN] Would create directory: /home/zb_bamboo/target/Rust/Geocoder/target/debug/.fingerprint/libc-d4c66bd056ff6610
[2026-03-04 12:49:42.938] [info] [DRY-RUN] Would create directory: /home/zb_bamboo/target/Rust/Geocoder/target/debug/.fingerprint/tower-service-8f5bd772fc90b358
[2026-03-04 12:49:42.938] [info] [DRY-RUN] Would create directory: /home/zb_bamboo/target/Rust/Geocoder/target/debug/.fingerprint/inlinable_string-330272e9f9108463
[2026-03-04 12:49:42.938] [info] [DRY-RUN] Would create directory: /home/zb_bamboo/target/Rust/Geocoder/target/debug/.fingerprint/tempfile-4fd5371b5b78cf6e
[2026-03-04 12:49:42.939] [info] [DRY-RUN] Would create directory: /home/zb_bamboo/target/Rust/Geocoder/target/debug/.fingerprint/tracing-a1f28e2c1f1f46aa
[2026-03-04 12:49:42.939] [info] [DRY-RUN] Would create directory: /home/zb_bamboo/target/Rust/Geocoder/target/debug/.fingerprint/h2-666c9982a23067ae
[2026-03-04 12:49:42.939] [info] [DRY-RUN] Would create directory: /home/zb_bamboo/target/Rust/Geocoder/target/debug/.fingerprint/pear-fe582aed99168949
[2026-03-04 12:49:42.940] [info] [DRY-RUN] Would create directory: /home/zb_bamboo/target/Rust/Geocoder/target/debug/.fingerprint/futures-a08005e5d474381b
[2026-03-04 12:49:42.940] [info] [DRY-RUN] Would create directory: /home/zb_bamboo/target/Rust/Geocoder/target/debug/.fingerprint/time-5292cbc51758909d
[2026-03-04 12:49:42.940] [info] [DRY-RUN] Would create directory: /home/zb_bamboo/target/Rust/Geocoder/target/debug/.fingerprint/slab-db82b13c828ff2e2
[2026-03-04 12:49:42.941] [info] [DRY-RUN] Would create directory: /home/zb_bamboo/target/Rust/Geocoder/target/debug/.fingerprint/powerfmt-df2168f8ab4b5d92
[2026-03-04 12:49:42.941] [info] [DRY-RUN] Would create directory: /home/zb_bamboo/target/Rust/Geocoder/target/debug/.fingerprint/bytes-c96c3e715ba79606
[2026-03-04 12:49:42.941] [info] [DRY-RUN] Would create directory: /home/zb_bamboo/target/Rust/Geocoder/target/debug/.fingerprint/futures-sink-4ab4b6f3f5c3ff10
[2026-03-04 12:49:42.941] [info] [DRY-RUN] Would create directory: /home/zb_bamboo/target/Rust/Geocoder/target/debug/.fingerprint/proc-macro2-diagnostics-1309089af76cb77a
[2026-03-04 12:49:42.942] [info] [DRY-RUN] Would create directory: /home/zb_bamboo/target/Rust/Geocoder/target/debug/.fingerprint/hashbrown-af0c3c9c77ab8411
[2026-03-04 12:49:42.942] [info] [DRY-RUN] Would create directory: /home/zb_bamboo/target/Rust/Geocoder/target/debug/.fingerprint/inlinable_string-afd30f5a45dfe88b
[2026-03-04 12:49:42.942] [info] [DRY-RUN] Would create directory: /home/zb_bamboo/target/Rust/Geocoder/target/debug/.fingerprint/socket2-08b269d0f84fa8d2
[2026-03-04 12:49:42.943] [info] [DRY-RUN] Would create directory: /home/zb_bamboo/target/Rust/Geocoder/target/debug/.fingerprint/futures-io-d12b29e33d7ac56b
[2026-03-04 12:49:42.943] [info] [DRY-RUN] Would create directory: /home/zb_bamboo/target/Rust/Geocoder/target/debug/.fingerprint/deranged-a48a12103dae659a
[2026-03-04 12:49:42.943] [info] [DRY-RUN] Would create directory: /home/zb_bamboo/target/Rust/Geocoder/target/debug/.fingerprint/devise_codegen-ebe269c71797be82
[2026-03-04 12:49:42.943] [info] [DRY-RUN] Would create directory: /home/zb_bamboo/target/Rust/Geocoder/target/debug/.fingerprint/bitflags-48006fabdbd12d4b
[2026-03-04 12:49:42.944] [info] [DRY-RUN] Would create directory: /home/zb_bamboo/target/Rust/Geocoder/target/debug/.fingerprint/libc-5d78c01519477bef
[2026-03-04 12:49:42.944] [info] [DRY-RUN] Would create directory: /home/zb_bamboo/target/Rust/Geocoder/target/debug/.fingerprint/fnv-662af516eba5bc1a
[2026-03-04 12:49:42.944] [info] [DRY-RUN] Would create directory: /home/zb_bamboo/target/Rust/Geocoder/target/debug/.fingerprint/futures-core-ef9006db072f8704
[2026-03-04 12:49:42.944] [info] [DRY-RUN] Would create directory: /home/zb_bamboo/target/Rust/Geocoder/target/debug/.fingerprint/want-70471e5114540c6a
[2026-03-04 12:49:42.945] [info] [DRY-RUN] Would create directory: /home/zb_bamboo/target/Rust/Geocoder/target/debug/.fingerprint/itoa-ba6eaba792d68066
[2026-03-04 12:49:42.945] [info] [DRY-RUN] Would create directory: /home/zb_bamboo/target/Rust/Geocoder/target/debug/.fingerprint/parking_lot_core-9e39cb10d6717904
[2026-03-04 12:49:42.945] [info] [DRY-RUN] Would create directory: /home/zb_bamboo/target/Rust/Geocoder/target/debug/.fingerprint/serde_derive-35003ce73ae386cf
[2026-03-04 12:49:42.945] [info] [DRY-RUN] Would create directory: /home/zb_bamboo/target/Rust/Geocoder/target/debug/.fingerprint/uncased-deaf86e4edb824b6
[2026-03-04 12:49:42.946] [info] [DRY-RUN] Would create directory: /home/zb_bamboo/target/Rust/Geocoder/target/debug/.fingerprint/hyper-3238812cfe426791
[2026-03-04 12:49:42.946] [info] [DRY-RUN] Would create directory: /home/zb_bamboo/target/Rust/Geocoder/target/debug/.fingerprint/geocoder-0e8c3367263a39f3
[2026-03-04 12:49:42.946] [info] [DRY-RUN] Would create directory: /home/zb_bamboo/target/Rust/Geocoder/target/debug/.fingerprint/httpdate-9b9b7c427a489bc6
[2026-03-04 12:49:42.946] [info] [DRY-RUN] Would create directory: /home/zb_bamboo/target/Rust/Geocoder/target/debug/.fingerprint/rustix-36541ff0a3f0b99d
[2026-03-04 12:49:42.947] [info] [DRY-RUN] Would create directory: /home/zb_bamboo/target/Rust/Geocoder/target/debug/.fingerprint/want-dbac2799a3377b73
[2026-03-04 12:49:42.947] [info] [DRY-RUN] Would create directory: /home/zb_bamboo/target/Rust/Geocoder/target/debug/.fingerprint/scopeguard-0803e49c9e95069a
[2026-03-04 12:49:42.947] [info] [DRY-RUN] Would create directory: /home/zb_bamboo/target/Rust/Geocoder/target/debug/.fingerprint/libc-6851c1aea713de25
[2026-03-04 12:49:42.947] [info] [DRY-RUN] Would create directory: /home/zb_bamboo/target/Rust/Geocoder/target/debug/.fingerprint/proc-macro2-8fd5a4633cfcdff6
[2026-03-04 12:49:42.948] [info] [DRY-RUN] Would create directory: /home/zb_bamboo/target/Rust/Geocoder/target/debug/.fingerprint/either-44eca09c932f4041
[2026-03-04 12:49:42.948] [info] [DRY-RUN] Would create directory: /home/zb_bamboo/target/Rust/Geocoder/target/debug/.fingerprint/figment-21dc2ff199b63595
[2026-03-04 12:49:42.948] [info] [DRY-RUN] Would create directory: /home/zb_bamboo/target/Rust/Geocoder/target/debug/.fingerprint/proc-macro2-4da05c4d44bb80b9
[2026-03-04 12:49:42.948] [info] [DRY-RUN] Would create directory: /home/zb_bamboo/target/Rust/Geocoder/target/debug/.fingerprint/proc-macro2-c915af380eb6140a
[2026-03-04 12:49:42.949] [info] [DRY-RUN] Would create directory: /home/zb_bamboo/target/Rust/Geocoder/target/debug/.fingerprint/hyper-6d8ac596dbf90777
[2026-03-04 12:49:42.949] [info] [DRY-RUN] Would create directory: /home/zb_bamboo/target/Rust/Geocoder/target/debug/.fingerprint/futures-util-1cd0ee6596318b08
[2026-03-04 12:49:42.949] [info] [DRY-RUN] Would create directory: /home/zb_bamboo/target/Rust/Geocoder/target/debug/.fingerprint/serde-57b4d782dfd8fa3a
[2026-03-04 12:49:42.949] [info] [DRY-RUN] Would create directory: /home/zb_bamboo/target/Rust/Geocoder/target/debug/.fingerprint/memchr-36ccd1cccc373656
[2026-03-04 12:49:42.949] [info] [DRY-RUN] Would create directory: /home/zb_bamboo/target/Rust/Geocoder/target/debug/.fingerprint/rand-fb4ee5b5e8030a20
[2026-03-04 12:49:42.950] [info] [DRY-RUN] Would create directory: /home/zb_bamboo/target/Rust/Geocoder/target/debug/.fingerprint/pear-2aa77fa3fed744fe
[2026-03-04 12:49:42.950] [info] [DRY-RUN] Would create directory: /home/zb_bamboo/target/Rust/Geocoder/target/debug/.fingerprint/pin-utils-84957fd1139c0ee6
[2026-03-04 12:49:42.950] [info] [DRY-RUN] Would create directory: /home/zb_bamboo/target/Rust/Geocoder/target/debug/.fingerprint/unicode-ident-d393de49d2b2c115
[2026-03-04 12:49:42.950] [info] [DRY-RUN] Would create directory: /home/zb_bamboo/target/Rust/Geocoder/target/debug/.fingerprint/try-lock-67091c01b88480a3
[2026-03-04 12:49:42.951] [info] [DRY-RUN] Would create directory: /home/zb_bamboo/target/Rust/Geocoder/target/debug/.fingerprint/cfg-if-8d12ab6fae623926
[2026-03-04 12:49:42.951] [info] [DRY-RUN] Would create directory: /home/zb_bamboo/target/Rust/Geocoder/target/debug/.fingerprint/rustix-12e6e61c91c00455
[2026-03-04 12:49:42.951] [info] [DRY-RUN] Would create directory: /home/zb_bamboo/target/Rust/Geocoder/target/debug/.fingerprint/cookie-41da0ded11a58a59
[2026-03-04 12:49:42.951] [info] [DRY-RUN] Would create directory: /home/zb_bamboo/target/Rust/Geocoder/target/debug/.fingerprint/futures-task-64c114b26bee62ad
[2026-03-04 12:49:42.952] [info] [DRY-RUN] Would create directory: /home/zb_bamboo/target/Rust/Geocoder/target/debug/.fingerprint/quote-4a6ccf9019f9e46b
[2026-03-04 12:49:42.952] [info] [DRY-RUN] Would create directory: /home/zb_bamboo/target/Rust/Geocoder/target/debug/.fingerprint/uncased-ed273305946fb31d
[2026-03-04 12:49:42.952] [info] [DRY-RUN] Would create directory: /home/zb_bamboo/target/Rust/Geocoder/target/debug/.fingerprint/want-23459d3ceceb3d6c
[2026-03-04 12:49:42.952] [info] [DRY-RUN] Would create directory: /home/zb_bamboo/target/Rust/Geocoder/target/debug/.fingerprint/libc-e2a78ac8119b8635
[2026-03-04 12:49:42.953] [info] [DRY-RUN] Would create directory: /home/zb_bamboo/target/Rust/Geocoder/target/debug/.fingerprint/tokio-cd6d4df3bb915b32
[2026-03-04 12:49:42.953] [info] [DRY-RUN] Would create directory: /home/zb_bamboo/target/Rust/Geocoder/target/debug/.fingerprint/parking_lot-8a2a27741fda453d
[2026-03-04 12:49:42.953] [info] [DRY-RUN] Would create directory: /home/zb_bamboo/target/Rust/Geocoder/target/debug/.fingerprint/rocket-39bbfc432006bf7b
[2026-03-04 12:49:42.953] [info] [DRY-RUN] Would create directory: /home/zb_bamboo/target/Rust/Geocoder/target/debug/.fingerprint/uncased-94553221835c7a61
[2026-03-04 12:49:42.953] [info] [DRY-RUN] Would create directory: /home/zb_bamboo/target/Rust/Geocoder/target/debug/.fingerprint/memchr-af3cfb6e74cc1c5b
[2026-03-04 12:49:42.954] [info] [DRY-RUN] Would create directory: /home/zb_bamboo/target/Rust/Geocoder/target/debug/.fingerprint/tracing-core-ba62fb436ff378a6
[2026-03-04 12:49:42.954] [info] [DRY-RUN] Would create directory: /home/zb_bamboo/target/Rust/Geocoder/target/debug/.fingerprint/devise-a2739acd2389f26a
[2026-03-04 12:49:42.954] [info] [DRY-RUN] Would create directory: /home/zb_bamboo/target/Rust/Geocoder/target/debug/.fingerprint/deranged-b423b40f1fc1154e
[2026-03-04 12:49:42.954] [info] [DRY-RUN] Would create directory: /home/zb_bamboo/target/Rust/Geocoder/target/debug/.fingerprint/futures-core-b5a63c13247adf59
[2026-03-04 12:49:42.954] [info] [DRY-RUN] Would create directory: /home/zb_bamboo/target/Rust/Geocoder/target/debug/.fingerprint/socket2-28f34daf6be64256
[2026-03-04 12:49:42.955] [info] [DRY-RUN] Would create directory: /home/zb_bamboo/target/Rust/Geocoder/target/debug/.fingerprint/equivalent-67cc143b44042c1d
[2026-03-04 12:49:42.955] [info] [DRY-RUN] Would create directory: /home/zb_bamboo/target/Rust/Geocoder/target/debug/.fingerprint/futures-io-9e488ea98e7a5ee4
[2026-03-04 12:49:42.955] [info] [DRY-RUN] Would create directory: /home/zb_bamboo/target/Rust/Geocoder/target/debug/.fingerprint/smallvec-3f3d583d1b7499d3
[2026-03-04 12:49:42.955] [info] [DRY-RUN] Would create directory: /home/zb_bamboo/target/Rust/Geocoder/target/debug/.fingerprint/uncased-12edc02c7234d686
[2026-03-04 12:49:42.955] [info] [DRY-RUN] Would create directory: /home/zb_bamboo/target/Rust/Geocoder/target/debug/.fingerprint/time-a24a9d7e18108c32
[2026-03-04 12:49:42.956] [info] [DRY-RUN] Would create directory: /home/zb_bamboo/target/Rust/Geocoder/target/debug/.fingerprint/serde_spanned-5ddc3dab9c1aa84a
[2026-03-04 12:49:42.956] [info] [DRY-RUN] Would create directory: /home/zb_bamboo/target/Rust/Geocoder/target/debug/.fingerprint/stable-pattern-7410bad235a6da15
[2026-03-04 12:49:42.956] [info] [DRY-RUN] Would create directory: /home/zb_bamboo/target/Rust/Geocoder/target/debug/.fingerprint/tracing-core-07e407b5aad8b0a8
[2026-03-04 12:49:42.956] [info] [DRY-RUN] Would create directory: /home/zb_bamboo/target/Rust/Geocoder/target/debug/.fingerprint/state-ae8063885460394f
[2026-03-04 12:49:42.956] [info] [DRY-RUN] Would create directory: /home/zb_bamboo/target/Rust/Geocoder/target/debug/.fingerprint/indexmap-b502cea9a84e8292
[2026-03-04 12:49:42.957] [info] [DRY-RUN] Would create directory: /home/zb_bamboo/target/Rust/Geocoder/target/debug/.fingerprint/syn-fcf0926f44988e19
[2026-03-04 12:49:42.957] [info] [DRY-RUN] Would create directory: /home/zb_bamboo/target/Rust/Geocoder/target/debug/.fingerprint/atomic-ad5833fabf36ecd9
[2026-03-04 12:49:42.957] [info] [DRY-RUN] Would create directory: /home/zb_bamboo/target/Rust/Geocoder/target/debug/.fingerprint/percent-encoding-3fcfe7f866aca987
[2026-03-04 12:49:42.957] [info] [DRY-RUN] Would create directory: /home/zb_bamboo/target/Rust/Geocoder/target/debug/.fingerprint/slab-b0bb3fac5c6a184b
[2026-03-04 12:49:42.958] [info] [DRY-RUN] Would create directory: /home/zb_bamboo/target/Rust/Geocoder/target/debug/.fingerprint/futures-task-0d303edfcbf6468f
[2026-03-04 12:49:42.958] [info] [DRY-RUN] Would create directory: /home/zb_bamboo/target/Rust/Geocoder/target/debug/.fingerprint/ubyte-350d9b1c9cfdb805
[2026-03-04 12:49:42.958] [info] [DRY-RUN] Would create directory: /home/zb_bamboo/target/Rust/Geocoder/target/debug/.fingerprint/futures-task-6dfc0fb40cbfedd9
[2026-03-04 12:49:42.958] [info] [DRY-RUN] Would create directory: /home/zb_bamboo/target/Rust/Geocoder/target/debug/.fingerprint/rocket_codegen-ddd69db4e985f9b0
[2026-03-04 12:49:42.958] [info] [DRY-RUN] Would create directory: /home/zb_bamboo/target/Rust/Geocoder/target/debug/.fingerprint/mio-30c16c183cab801a
[2026-03-04 12:49:42.959] [info] [DRY-RUN] Would create directory: /home/zb_bamboo/target/Rust/Geocoder/target/debug/.fingerprint/rocket_http-9906757beee0b0a0
[2026-03-04 12:49:42.959] [info] [DRY-RUN] Would create directory: /home/zb_bamboo/target/Rust/Geocoder/target/debug/.fingerprint/itoa-3b5ef0f26239e9d1
[2026-03-04 12:49:42.959] [info] [DRY-RUN] Would create directory: /home/zb_bamboo/target/Rust/Geocoder/target/debug/.fingerprint/libc-41ca3fba1afad73f
[2026-03-04 12:49:42.959] [info] [DRY-RUN] Would create directory: /home/zb_bamboo/target/Rust/Geocoder/target/debug/.fingerprint/ref-cast-0e1e41a49c8a1d5c
[2026-03-04 12:49:42.959] [info] [DRY-RUN] Would create directory: /home/zb_bamboo/target/Rust/Geocoder/target/debug/.fingerprint/httparse-dc02e071284a6d91
[2026-03-04 12:49:42.960] [info] [DRY-RUN] Would create directory: /home/zb_bamboo/target/Rust/Geocoder/target/debug/.fingerprint/time-core-526dda910d7aa9df
[2026-03-04 12:49:42.960] [info] [DRY-RUN] Would create directory: /home/zb_bamboo/target/Rust/Geocoder/target/debug/.fingerprint/indexmap-f71962eb2fa850b3
[2026-03-04 12:49:42.960] [info] [DRY-RUN] Would create directory: /home/zb_bamboo/target/Rust/Geocoder/target/debug/.fingerprint/equivalent-1a891b12f45f16f0
[2026-03-04 12:49:42.960] [info] [DRY-RUN] Would create directory: /home/zb_bamboo/target/Rust/Geocoder/target/debug/.fingerprint/proc-macro2-diagnostics-b0c08e43c2c1c540
[2026-03-04 12:49:42.961] [info] [DRY-RUN] Would create directory: /home/zb_bamboo/target/Rust/Geocoder/target/debug/.fingerprint/either-314471538ea68a59
[2026-03-04 12:49:42.961] [info] [DRY-RUN] Would create directory: /home/zb_bamboo/target/Rust/Geocoder/target/debug/.fingerprint/http-body-b25cbad3152c522b
[2026-03-04 12:49:42.961] [info] [DRY-RUN] Would create directory: /home/zb_bamboo/target/Rust/Geocoder/target/debug/.fingerprint/slab-e56fd3b8c9b7b55a
[2026-03-04 12:49:42.961] [info] [DRY-RUN] Would create directory: /home/zb_bamboo/target/Rust/Geocoder/target/debug/.fingerprint/httparse-347fb12555fb1adc
[2026-03-04 12:49:42.962] [info] [DRY-RUN] Would create directory: /home/zb_bamboo/target/Rust/Geocoder/target/debug/.fingerprint/binascii-3e6d94df41dd768b
[2026-03-04 12:49:42.962] [info] [DRY-RUN] Would create directory: /home/zb_bamboo/target/Rust/Geocoder/target/debug/.fingerprint/tower-service-9aa2cb65437a1c52
[2026-03-04 12:49:42.962] [info] [DRY-RUN] Would create directory: /home/zb_bamboo/target/Rust/Geocoder/target/debug/.fingerprint/figment-ed6afd3d4bb1501e
[2026-03-04 12:49:42.962] [info] [DRY-RUN] Would create directory: /home/zb_bamboo/target/Rust/Geocoder/target/debug/.fingerprint/multer-ac16efdeb258f4ab
[2026-03-04 12:49:42.962] [info] [DRY-RUN] Would create directory: /home/zb_bamboo/target/Rust/Geocoder/target/debug/.fingerprint/rocket_http-af7c8abc6acb759e
[2026-03-04 12:49:42.962] [info] [DRY-RUN] Would create directory: /home/zb_bamboo/target/Rust/Geocoder/target/debug/.fingerprint/serde_json-fdb6800abdf270d2
[2026-03-04 12:49:42.963] [info] [DRY-RUN] Would create directory: /home/zb_bamboo/target/Rust/Geocoder/target/debug/.fingerprint/ryu-5a9beb41e3caf064
[2026-03-04 12:49:42.963] [info] [DRY-RUN] Would create directory: /home/zb_bamboo/target/Rust/Geocoder/target/debug/.fingerprint/mime-fe4e05c4855fd2fc
[2026-03-04 12:49:42.963] [info] [DRY-RUN] Would create directory: /home/zb_bamboo/target/Rust/Geocoder/target/debug/.fingerprint/getrandom-a177bb1f4c609639
[2026-03-04 12:49:42.963] [info] [DRY-RUN] Would create directory: /home/zb_bamboo/target/Rust/Geocoder/target/debug/.fingerprint/rocket-b730935195a5fc8d
[2026-03-04 12:49:42.963] [info] [DRY-RUN] Would create directory: /home/zb_bamboo/target/Rust/Geocoder/target/debug/.fingerprint/serde_json-07f585cf4ad4085c
[2026-03-04 12:49:42.964] [info] [DRY-RUN] Would create directory: /home/zb_bamboo/target/Rust/Geocoder/target/debug/.fingerprint/http-aecd9036d62a160e
[2026-03-04 12:49:42.964] [info] [DRY-RUN] Would create directory: /home/zb_bamboo/target/Rust/Geocoder/target/debug/.fingerprint/futures-task-c540e7ff29de2506
[2026-03-04 12:49:42.964] [info] [DRY-RUN] Would create directory: /home/zb_bamboo/target/Rust/Geocoder/target/debug/.fingerprint/scopeguard-4f6c7f42e01db1ed
[2026-03-04 12:49:42.964] [info] [DRY-RUN] Would create directory: /home/zb_bamboo/target/Rust/Geocoder/target/debug/.fingerprint/itoa-0a5faeda78d5b3a7
[2026-03-04 12:49:42.964] [info] [DRY-RUN] Would create directory: /home/zb_bamboo/target/Rust/Geocoder/target/debug/.fingerprint/pear_codegen-72e27e9920e72668
[2026-03-04 12:49:42.965] [info] [DRY-RUN] Would create directory: /home/zb_bamboo/target/Rust/Geocoder/target/debug/.fingerprint/yansi-b9d4b3d9fb837331
[2026-03-04 12:49:42.965] [info] [DRY-RUN] Would create directory: /home/zb_bamboo/target/Rust/Geocoder/target/debug/.fingerprint/futures-channel-cd6f94fa007d1cd3
[2026-03-04 12:49:42.965] [info] [DRY-RUN] Would create directory: /home/zb_bamboo/target/Rust/Geocoder/target/debug/.fingerprint/httparse-3b842b2fbeb2d35b
[2026-03-04 12:49:42.965] [info] [DRY-RUN] Would create directory: /home/zb_bamboo/target/Rust/Geocoder/target/debug/.fingerprint/try-lock-fb7064d28264d1cb
[2026-03-04 12:49:42.966] [info] [DRY-RUN] Would create directory: /home/zb_bamboo/target/Rust/Geocoder/target/debug/.fingerprint/tokio-00ce85682358c839
[2026-03-04 12:49:42.966] [info] [DRY-RUN] Would create directory: /home/zb_bamboo/target/Rust/Geocoder/target/debug/.fingerprint/binascii-5717dfe8e7fd20d7
[2026-03-04 12:49:42.966] [info] [DRY-RUN] Would create directory: /home/zb_bamboo/target/Rust/Geocoder/target/debug/.fingerprint/pin-project-lite-4131f69380d950e8
[2026-03-04 12:49:42.966] [info] [DRY-RUN] Would create directory: /home/zb_bamboo/target/Rust/Geocoder/target/debug/.fingerprint/figment-153f42a2bfd90b66
[2026-03-04 12:49:42.966] [info] [DRY-RUN] Would create directory: /home/zb_bamboo/target/Rust/Geocoder/target/debug/.fingerprint/rocket_codegen-10a9fa2240e3e55d
[2026-03-04 12:49:42.967] [info] [DRY-RUN] Would create directory: /home/zb_bamboo/target/Rust/Geocoder/target/debug/.fingerprint/cookie-4e5efdc88560f0d5
[2026-03-04 12:49:42.967] [info] [DRY-RUN] Would create directory: /home/zb_bamboo/target/Rust/Geocoder/target/debug/.fingerprint/version_check-c3b5b48d9d65aa0d
[2026-03-04 12:49:42.967] [info] [DRY-RUN] Would create directory: /home/zb_bamboo/target/Rust/Geocoder/target/debug/.fingerprint/proc-macro2-diagnostics-c040eb27f5f44f4f
[2026-03-04 12:49:42.967] [info] [DRY-RUN] Would create directory: /home/zb_bamboo/target/Rust/Geocoder/target/debug/.fingerprint/indexmap-af3e78c16a6836d5
[2026-03-04 12:49:42.967] [info] [DRY-RUN] Would create directory: /home/zb_bamboo/target/Rust/Geocoder/target/debug/.fingerprint/winnow-ffa8c8081c833d17
[2026-03-04 12:49:42.968] [info] [DRY-RUN] Would create directory: /home/zb_bamboo/target/Rust/Geocoder/target/debug/.fingerprint/mime-7cef98e41eed2e07
[2026-03-04 12:49:42.968] [info] [DRY-RUN] Would create directory: /home/zb_bamboo/target/Rust/Geocoder/target/debug/.fingerprint/stable-pattern-1ab0d1b723ab689d
[2026-03-04 12:49:42.968] [info] [DRY-RUN] Would create directory: /home/zb_bamboo/target/Rust/Geocoder/target/debug/.fingerprint/futures-task-128a8709944b8b40
[2026-03-04 12:49:42.968] [info] [DRY-RUN] Would create directory: /home/zb_bamboo/target/Rust/Geocoder/target/debug/.fingerprint/rocket_http-0c255fcd53676a45
[2026-03-04 12:49:42.968] [info] [DRY-RUN] Would create directory: /home/zb_bamboo/target/Rust/Geocoder/target/debug/.fingerprint/multer-7722ef4ed9b9e232
[2026-03-04 12:49:42.969] [info] [DRY-RUN] Would create directory: /home/zb_bamboo/target/Rust/Geocoder/target/debug/.fingerprint/httparse-c9767e888fea1d45
[2026-03-04 12:49:42.969] [info] [DRY-RUN] Would create directory: /home/zb_bamboo/target/Rust/Geocoder/target/debug/.fingerprint/ref-cast-e6f295a2512b419d
[2026-03-04 12:49:42.969] [info] [DRY-RUN] Would create directory: /home/zb_bamboo/target/Rust/Geocoder/target/debug/.fingerprint/is-terminal-f2fed74587f5f015
[2026-03-04 12:49:42.969] [info] [DRY-RUN] Would create directory: /home/zb_bamboo/target/Rust/Geocoder/target/debug/.fingerprint/h2-cb43b4e9e525881d
[2026-03-04 12:49:42.969] [info] [DRY-RUN] Would create directory: /home/zb_bamboo/target/Rust/Geocoder/target/debug/.fingerprint/tokio-380d4f349869e0a7
[2026-03-04 12:49:42.969] [info] [DRY-RUN] Would create directory: /home/zb_bamboo/target/Rust/Geocoder/target/debug/.fingerprint/serde_json-1f727f970276e3c6
[2026-03-04 12:49:42.970] [info] [DRY-RUN] Would create directory: /home/zb_bamboo/target/Rust/Geocoder/target/debug/.fingerprint/num_cpus-5de04e43c6072943
[2026-03-04 12:49:42.970] [info] [DRY-RUN] Would create directory: /home/zb_bamboo/target/Rust/Geocoder/target/debug/.fingerprint/http-body-5099b72f81d29f81
[2026-03-04 12:49:42.970] [info] [DRY-RUN] Would create directory: /home/zb_bamboo/target/Rust/Geocoder/target/debug/.fingerprint/spin-1428fd63c18b7e14
[2026-03-04 12:49:42.970] [info] [DRY-RUN] Would create directory: /home/zb_bamboo/target/Rust/Geocoder/target/debug/.fingerprint/futures-core-d8fd04ed4d767b4e
[2026-03-04 12:49:42.971] [info] [DRY-RUN] Would create directory: /home/zb_bamboo/target/Rust/Geocoder/target/debug/.fingerprint/parking_lot_core-52d3b0ded0e39981
[2026-03-04 12:49:42.971] [info] [DRY-RUN] Would create directory: /home/zb_bamboo/target/Rust/Geocoder/target/debug/.fingerprint/http-dc733ca159ebc4ff
[2026-03-04 12:49:42.971] [info] [DRY-RUN] Would create directory: /home/zb_bamboo/target/Rust/Geocoder/target/debug/.fingerprint/futures-core-09d4854810f6e70a
[2026-03-04 12:49:42.971] [info] [DRY-RUN] Would create directory: /home/zb_bamboo/target/Rust/Geocoder/target/debug/.fingerprint/futures-sink-508b63b1fcd20317
[2026-03-04 12:49:42.971] [info] [DRY-RUN] Would create directory: /home/zb_bamboo/target/Rust/Geocoder/target/debug/.fingerprint/futures-channel-b610161cf503b30d
[2026-03-04 12:49:42.971] [info] [DRY-RUN] Would create directory: /home/zb_bamboo/target/Rust/Geocoder/target/debug/.fingerprint/lock_api-fac1c23b93b56938
[2026-03-04 12:49:42.972] [info] [DRY-RUN] Would create directory: /home/zb_bamboo/target/Rust/Geocoder/target/debug/.fingerprint/http-9258430207d81717
[2026-03-04 12:49:42.972] [info] [DRY-RUN] Would create directory: /home/zb_bamboo/target/Rust/Geocoder/target/debug/.fingerprint/parking_lot_core-d619bc94792cd12d
[2026-03-04 12:49:42.972] [info] [DRY-RUN] Would create directory: /home/zb_bamboo/target/Rust/Geocoder/target/debug/.fingerprint/rand_chacha-1da4097853e2a609
[2026-03-04 12:49:42.972] [info] [DRY-RUN] Would create directory: /home/zb_bamboo/target/Rust/Geocoder/target/debug/.fingerprint/futures-df70d5c7c27579a0
[2026-03-04 12:49:42.972] [info] [DRY-RUN] Would create directory: /home/zb_bamboo/target/Rust/Geocoder/target/debug/.fingerprint/futures-task-6fe5b5e3b00f0045
[2026-03-04 12:49:42.973] [info] [DRY-RUN] Would create directory: /home/zb_bamboo/target/Rust/Geocoder/target/debug/.fingerprint/toml_edit-68fd50cfdf646020
[2026-03-04 12:49:42.973] [info] [DRY-RUN] Would create directory: /home/zb_bamboo/target/Rust/Geocoder/target/debug/.fingerprint/mio-aabfe6bea1d03899
[2026-03-04 12:49:42.973] [info] [DRY-RUN] Would create directory: /home/zb_bamboo/target/Rust/Geocoder/target/debug/.fingerprint/httpdate-aa32d07ddc6b6c28
[2026-03-04 12:49:42.973] [info] [DRY-RUN] Would create directory: /home/zb_bamboo/target/Rust/Geocoder/target/debug/.fingerprint/yansi-52d4da7fbcef8c4d
[2026-03-04 12:49:42.973] [info] [DRY-RUN] Would create directory: /home/zb_bamboo/target/Rust/Geocoder/target/debug/.fingerprint/ref-cast-981cbb085fa8f974
[2026-03-04 12:49:42.973] [info] [DRY-RUN] Would create directory: /home/zb_bamboo/target/Rust/Geocoder/target/debug/.fingerprint/socket2-607bfb77d0e902a4
[2026-03-04 12:49:42.974] [info] [DRY-RUN] Would create directory: /home/zb_bamboo/target/Rust/Geocoder/target/debug/.fingerprint/rand_core-81d2785a27cb746d
[2026-03-04 12:49:42.974] [info] [DRY-RUN] Would create directory: /home/zb_bamboo/target/Rust/Geocoder/target/debug/.fingerprint/socket2-1cd926f74f2de5ef
[2026-03-04 12:49:42.974] [info] [DRY-RUN] Would create directory: /home/zb_bamboo/target/Rust/Geocoder/target/debug/.fingerprint/errno-1daf656b4290a8a3
[2026-03-04 12:49:42.974] [info] [DRY-RUN] Would create directory: /home/zb_bamboo/target/Rust/Geocoder/target/debug/.fingerprint/autocfg-5fb26c00d210d9bf
[2026-03-04 12:49:42.974] [info] [DRY-RUN] Would create directory: /home/zb_bamboo/target/Rust/Geocoder/target/debug/.fingerprint/async-stream-impl-c54a51f5b3ef8233
[2026-03-04 12:49:42.975] [info] [DRY-RUN] Would create directory: /home/zb_bamboo/target/Rust/Geocoder/target/debug/.fingerprint/tokio-stream-2a88c752938bdf27
[2026-03-04 12:49:42.975] [info] [DRY-RUN] Would create directory: /home/zb_bamboo/target/Rust/Geocoder/target/debug/.fingerprint/socket2-ffc1128a3c83095a
[2026-03-04 12:49:42.975] [info] [DRY-RUN] Would create directory: /home/zb_bamboo/target/Rust/Geocoder/target/debug/.fingerprint/ppv-lite86-3ea282b040870de5
[2026-03-04 12:49:42.975] [info] [DRY-RUN] Would create directory: /home/zb_bamboo/target/Rust/Geocoder/target/debug/.fingerprint/ryu-f06b0f27cda324e1
[2026-03-04 12:49:42.975] [info] [DRY-RUN] Would create directory: /home/zb_bamboo/target/Rust/Geocoder/target/debug/.fingerprint/rocket-e070b9fcdba39d30
[2026-03-04 12:49:42.976] [info] [DRY-RUN] Would create directory: /home/zb_bamboo/target/Rust/Geocoder/target/debug/.fingerprint/toml-737d804ce8a843e8
[2026-03-04 12:49:42.976] [info] [DRY-RUN] Would create directory: /home/zb_bamboo/target/Rust/Geocoder/target/debug/.fingerprint/powerfmt-9ab7bddf0517668e
[2026-03-04 12:49:42.976] [info] [DRY-RUN] Would create directory: /home/zb_bamboo/target/Rust/Geocoder/target/debug/.fingerprint/socket2-5c8ad1daaf88c50b
[2026-03-04 12:49:42.976] [info] [DRY-RUN] Would create directory: /home/zb_bamboo/target/Rust/Geocoder/target/debug/.fingerprint/try-lock-64e5d4c2bbd7e725
[2026-03-04 12:49:42.976] [info] [DRY-RUN] Would create directory: /home/zb_bamboo/target/Rust/Geocoder/target/debug/.fingerprint/ubyte-c7758bb007ded14e
[2026-03-04 12:49:42.976] [info] [DRY-RUN] Would create directory: /home/zb_bamboo/target/Rust/Geocoder/target/debug/.fingerprint/tracing-38fba9d24e760533
[2026-03-04 12:49:42.977] [info] [DRY-RUN] Would create directory: /home/zb_bamboo/target/Rust/Geocoder/target/debug/.fingerprint/futures-util-1f9c101fd9ae9beb
[2026-03-04 12:49:42.977] [info] [DRY-RUN] Would create directory: /home/zb_bamboo/target/Rust/Geocoder/target/debug/.fingerprint/httpdate-6def62531fdfdb4f
[2026-03-04 12:49:42.977] [info] [DRY-RUN] Would create directory: /home/zb_bamboo/target/Rust/Geocoder/target/debug/.fingerprint/parking_lot_core-54504ba8a929bfe0
[2026-03-04 12:49:42.977] [info] [DRY-RUN] Would create directory: /home/zb_bamboo/target/Rust/Geocoder/target/debug/.fingerprint/pin-utils-6cf9fd087644d27c
[2026-03-04 12:49:42.977] [info] [DRY-RUN] Would create directory: /home/zb_bamboo/target/Rust/Geocoder/target/debug/.fingerprint/futures-util-85f3c42ba509a267
[2026-03-04 12:49:42.977] [info] [DRY-RUN] Would create directory: /home/zb_bamboo/target/Rust/Geocoder/target/debug/.fingerprint/slab-9dccdad84856e42f
[2026-03-04 12:49:42.978] [info] [DRY-RUN] Would create directory: /home/zb_bamboo/target/Rust/Geocoder/target/debug/.fingerprint/devise_core-70d18a0f3085ed2e
[2026-03-04 12:49:42.978] [info] [DRY-RUN] Would create directory: /home/zb_bamboo/target/Rust/Geocoder/target/debug/.fingerprint/bytes-87bcea4b970bbec1
[2026-03-04 12:49:42.978] [info] [DRY-RUN] Would create directory: /home/zb_bamboo/target/Rust/Geocoder/target/debug/.fingerprint/tokio-util-ebc2515de216e0b5
[2026-03-04 12:49:42.978] [info] [DRY-RUN] Would create directory: /home/zb_bamboo/target/Rust/Geocoder/target/debug/.fingerprint/toml_edit-7c341c7515d3fcf2
[2026-03-04 12:49:42.978] [info] [DRY-RUN] Would create directory: /home/zb_bamboo/target/Rust/Geocoder/target/debug/.fingerprint/hashbrown-9c128824c6cf2c28
[2026-03-04 12:49:42.979] [info] [DRY-RUN] Would create directory: /home/zb_bamboo/target/Rust/Geocoder/target/debug/.fingerprint/futures-util-8cc9868a818abde9
[2026-03-04 12:49:42.979] [info] [DRY-RUN] Would create directory: /home/zb_bamboo/target/Rust/Geocoder/target/debug/.fingerprint/multer-889fd40f846c40d4
[2026-03-04 12:49:42.979] [info] [DRY-RUN] Would create directory: /home/zb_bamboo/target/Rust/Geocoder/target/debug/.fingerprint/once_cell-de0d91e02a7270ef
[2026-03-04 12:49:42.979] [info] [DRY-RUN] Would create directory: /home/zb_bamboo/target/Rust/Geocoder/target/debug/.fingerprint/futures-bdceb6315f422729
[2026-03-04 12:49:42.979] [info] [DRY-RUN] Would create directory: /home/zb_bamboo/target/Rust/Geocoder/target/debug/.fingerprint/bitflags-f5804afadb9bdfd1
[2026-03-04 12:49:42.979] [info] [DRY-RUN] Would create directory: /home/zb_bamboo/target/Rust/Geocoder/target/debug/.fingerprint/ppv-lite86-0d3d5912bf7b5f9c
[2026-03-04 12:49:42.980] [info] [DRY-RUN] Would create directory: /home/zb_bamboo/target/Rust/Geocoder/target/debug/.fingerprint/time-core-36d938c9929305b9
[2026-03-04 12:49:42.980] [info] [DRY-RUN] Would create directory: /home/zb_bamboo/target/Rust/Geocoder/target/debug/.fingerprint/percent-encoding-6cf6820eac6bb02d
[2026-03-04 12:49:42.980] [info] [DRY-RUN] Would create directory: /home/zb_bamboo/target/Rust/Geocoder/target/debug/.fingerprint/pear-665487627662ac75
[2026-03-04 12:49:42.980] [info] [DRY-RUN] Would create directory: /home/zb_bamboo/target/Rust/Geocoder/target/debug/.fingerprint/bitflags-6bf1007a2dbae471
[2026-03-04 12:49:42.980] [info] [DRY-RUN] Would create directory: /home/zb_bamboo/target/Rust/Geocoder/target/debug/.fingerprint/libc-6e709903ced6c948
[2026-03-04 12:49:42.981] [info] [DRY-RUN] Would create directory: /home/zb_bamboo/target/Rust/Geocoder/target/debug/.fingerprint/errno-88d6f6466c808d44
[2026-03-04 12:49:42.981] [info] [DRY-RUN] Would create directory: /home/zb_bamboo/target/Rust/Geocoder/target/debug/.fingerprint/http-body-07f689854448cd5a
[2026-03-04 12:49:42.981] [info] [DRY-RUN] Would create directory: /home/zb_bamboo/target/Rust/Geocoder/target/debug/.fingerprint/num_cpus-c49703eb76ee8ed3
[2026-03-04 12:49:42.981] [info] [DRY-RUN] Would create directory: /home/zb_bamboo/target/Rust/Geocoder/target/debug/.fingerprint/pear-b8d3c89a6c54815a
[2026-03-04 12:49:42.981] [info] [DRY-RUN] Would create directory: /home/zb_bamboo/target/Rust/Geocoder/target/debug/.fingerprint/smallvec-f584d21db9ca5ae2
[2026-03-04 12:49:42.982] [info] [DRY-RUN] Would create directory: /home/zb_bamboo/target/Rust/Geocoder/target/debug/.fingerprint/hashbrown-c3c0add927489487
[2026-03-04 12:49:42.982] [info] [DRY-RUN] Would create directory: /home/zb_bamboo/target/Rust/Geocoder/target/debug/.fingerprint/socket2-bcb7bc7fb23a0f2f
[2026-03-04 12:49:42.982] [info] [DRY-RUN] Would create directory: /home/zb_bamboo/target/Rust/Geocoder/target/debug/.fingerprint/log-285197c01e114884
[2026-03-04 12:49:42.982] [info] [DRY-RUN] Would create directory: /home/zb_bamboo/target/Rust/Geocoder/target/debug/.fingerprint/rand_chacha-22453cb3d80bdcec
[2026-03-04 12:49:42.982] [info] [DRY-RUN] Would create directory: /home/zb_bamboo/target/Rust/Geocoder/target/debug/.fingerprint/httparse-35023a6e02328556
[2026-03-04 12:49:42.982] [info] [DRY-RUN] Would create directory: /home/zb_bamboo/target/Rust/Geocoder/target/debug/.fingerprint/inlinable_string-f1ed245c8b6c9996
[2026-03-04 12:49:42.983] [info] [DRY-RUN] Would create directory: /home/zb_bamboo/target/Rust/Geocoder/target/debug/.fingerprint/uncased-88d6cbaad1b9043e
[2026-03-04 12:49:42.983] [info] [DRY-RUN] Would create directory: /home/zb_bamboo/target/Rust/Geocoder/target/debug/.fingerprint/async-trait-46b1606966e9d7ae
[2026-03-04 12:49:42.983] [info] [DRY-RUN] Would create directory: /home/zb_bamboo/target/Rust/Geocoder/target/debug/.fingerprint/futures-io-fc8a0a8a8a7ff933
[2026-03-04 12:49:42.983] [info] [DRY-RUN] Would create directory: /home/zb_bamboo/target/Rust/Geocoder/target/debug/.fingerprint/glob-db9a04390a5c78b7
[2026-03-04 12:49:42.983] [info] [DRY-RUN] Would create directory: /home/zb_bamboo/target/Rust/Geocoder/target/debug/.fingerprint/tokio-d89a1a72771b713e
[2026-03-04 12:49:42.983] [info] [DRY-RUN] Would create directory: /home/zb_bamboo/target/Rust/Geocoder/target/debug/.fingerprint/futures-util-d428dd487fe5710a
[2026-03-04 12:49:42.984] [info] [DRY-RUN] Would create directory: /home/zb_bamboo/target/Rust/Geocoder/target/debug/.fingerprint/pin-project-lite-7557fbd92921dc51
[2026-03-04 12:49:42.984] [info] [DRY-RUN] Would create directory: /home/zb_bamboo/target/Rust/Geocoder/target/debug/.fingerprint/fastrand-e1c161d213aad0f4
[2026-03-04 12:49:42.984] [info] [DRY-RUN] Would create directory: /home/zb_bamboo/target/Rust/Geocoder/target/debug/.fingerprint/once_cell-177558d6638cf11e
[2026-03-04 12:49:42.984] [info] [DRY-RUN] Would create directory: /home/zb_bamboo/target/Rust/Geocoder/target/debug/.fingerprint/signal-hook-registry-90d63c97f064b221
[2026-03-04 12:49:42.984] [info] [DRY-RUN] Would create directory: /home/zb_bamboo/target/Rust/Geocoder/target/debug/.fingerprint/cookie-68a3bd792bf99bb9
[2026-03-04 12:49:42.984] [info] [DRY-RUN] Would create directory: /home/zb_bamboo/target/Rust/Geocoder/target/debug/.fingerprint/rustix-8bdc8a5e9d5f8569
[2026-03-04 12:49:42.985] [info] [DRY-RUN] Would create directory: /home/zb_bamboo/target/Rust/Geocoder/target/debug/.fingerprint/rand-b5535f9ac0445757
[2026-03-04 12:49:42.985] [info] [DRY-RUN] Would create directory: /home/zb_bamboo/target/Rust/Geocoder/target/debug/.fingerprint/cookie-ceeb265fe93221b1
[2026-03-04 12:49:42.985] [info] [DRY-RUN] Would create directory: /home/zb_bamboo/target/Rust/Geocoder/target/debug/.fingerprint/mio-bed58fa77f1836a0
[2026-03-04 12:49:42.985] [info] [DRY-RUN] Would create directory: /home/zb_bamboo/target/Rust/Geocoder/target/debug/.fingerprint/multer-7fc82e659ad4f8fb
[2026-03-04 12:49:42.985] [info] [DRY-RUN] Would create directory: /home/zb_bamboo/target/Rust/Geocoder/target/debug/.fingerprint/futures-channel-e78fa0e95b4b672a
[2026-03-04 12:49:42.985] [info] [DRY-RUN] Would create directory: /home/zb_bamboo/target/Rust/Geocoder/target/debug/.fingerprint/socket2-7ec5d13eda57ff13
[2026-03-04 12:49:42.986] [info] [DRY-RUN] Would create directory: /home/zb_bamboo/target/Rust/Geocoder/target/debug/.fingerprint/winnow-39352dc50b3a7ec6
[2026-03-04 12:49:42.986] [info] [DRY-RUN] Would create directory: /home/zb_bamboo/target/Rust/Geocoder/target/debug/.fingerprint/deranged-62c5f3335b5c8ad3
[2026-03-04 12:49:42.986] [info] [DRY-RUN] Would create directory: /home/zb_bamboo/target/Rust/Geocoder/target/debug/.fingerprint/time-macros-08b8f3ca59ec7088
[2026-03-04 12:49:42.986] [info] [DRY-RUN] Would create directory: /home/zb_bamboo/target/Rust/Geocoder/target/debug/.fingerprint/toml_datetime-91d553e6859669e3
[2026-03-04 12:49:42.986] [info] [DRY-RUN] Would create directory: /home/zb_bamboo/target/Rust/Geocoder/target/debug/.fingerprint/time-8c5c23f57501379d
[2026-03-04 12:49:42.986] [info] [DRY-RUN] Would create directory: /home/zb_bamboo/target/Rust/Geocoder/target/debug/.fingerprint/cookie-fe51e90e94d0eaf4
[2026-03-04 12:49:42.987] [info] [DRY-RUN] Would create directory: /home/zb_bamboo/target/Rust/Geocoder/target/debug/.fingerprint/time-core-403a1116b68d0b6d
[2026-03-04 12:49:42.987] [info] [DRY-RUN] Would create directory: /home/zb_bamboo/target/Rust/Geocoder/target/debug/.fingerprint/bytes-713a95b3e5e6202d
[2026-03-04 12:49:42.987] [info] [DRY-RUN] Would create directory: /home/zb_bamboo/target/Rust/Geocoder/target/debug/.fingerprint/unicode-xid-ced92996212e5af6
[2026-03-04 12:49:42.987] [info] [DRY-RUN] Would create directory: /home/zb_bamboo/target/Rust/Geocoder/target/debug/.fingerprint/futures-util-6c6eb188cc21ff97
[2026-03-04 12:49:42.987] [info] [DRY-RUN] Would create directory: /home/zb_bamboo/target/Rust/Geocoder/target/debug/.fingerprint/async-stream-3ab84c414dc1d0ae
[2026-03-04 12:49:42.987] [info] [DRY-RUN] Would create directory: /home/zb_bamboo/target/Rust/Geocoder/target/debug/.fingerprint/async-trait-3889424ac802f774
[2026-03-04 12:49:42.988] [info] [DRY-RUN] Would create directory: /home/zb_bamboo/target/Rust/Geocoder/target/debug/.fingerprint/serde-9e56ab711de7447c
[2026-03-04 12:49:42.988] [info] [DRY-RUN] Would create directory: /home/zb_bamboo/target/Rust/Geocoder/target/debug/.fingerprint/tokio-stream-67eb682a5dc5a60e
[2026-03-04 12:49:42.988] [info] [DRY-RUN] Would create directory: /home/zb_bamboo/target/Rust/Geocoder/target/debug/.fingerprint/serde_json-2fee67f162a73868
[2026-03-04 12:49:42.988] [info] [DRY-RUN] Would create directory: /home/zb_bamboo/target/Rust/Geocoder/target/debug/.fingerprint/futures-core-abd123f74c34296a
[2026-03-04 12:49:42.988] [info] [DRY-RUN] Would create directory: /home/zb_bamboo/target/Rust/Geocoder/target/debug/.fingerprint/state-8b1a8ceb23283232
[2026-03-04 12:49:42.988] [info] [DRY-RUN] Would create directory: /home/zb_bamboo/target/Rust/Geocoder/target/debug/.fingerprint/state-66c82fc710bdd62b
[2026-03-04 12:49:42.989] [info] [DRY-RUN] Would create directory: /home/zb_bamboo/target/Rust/Geocoder/target/debug/.fingerprint/toml_datetime-24a0078c15b4cbda
[2026-03-04 12:49:42.989] [info] [DRY-RUN] Would create directory: /home/zb_bamboo/target/Rust/Geocoder/target/debug/.fingerprint/time-macros-acb715e271c88743
[2026-03-04 12:49:42.989] [info] [DRY-RUN] Would create directory: /home/zb_bamboo/target/Rust/Geocoder/target/debug/.fingerprint/encoding_rs-4dab570351e9bac4
[2026-03-04 12:49:42.989] [info] [DRY-RUN] Would create directory: /home/zb_bamboo/target/Rust/Geocoder/target/debug/.fingerprint/either-784d09327cc9b02b
[2026-03-04 12:49:42.989] [info] [DRY-RUN] Would create directory: /home/zb_bamboo/target/Rust/Geocoder/target/debug/.fingerprint/futures-channel-2b34b9037c4efcbd
[2026-03-04 12:49:42.989] [info] [DRY-RUN] Would create directory: /home/zb_bamboo/target/Rust/Geocoder/target/debug/.fingerprint/serde_spanned-340d1ff5b77b7863
[2026-03-04 12:49:42.990] [info] [DRY-RUN] Would create directory: /home/zb_bamboo/target/Rust/Geocoder/target/debug/.fingerprint/rocket-2d45e52b83e1af23
[2026-03-04 12:49:42.990] [info] [DRY-RUN] Would create directory: /home/zb_bamboo/target/Rust/Geocoder/target/debug/.fingerprint/cfg-if-0a9f91f9e9392401
[2026-03-04 12:49:42.990] [info] [DRY-RUN] Would create directory: /home/zb_bamboo/target/Rust/Geocoder/target/debug/.fingerprint/hyper-e69a075fee837d0e
[2026-03-04 12:49:42.990] [info] [DRY-RUN] Would create directory: /home/zb_bamboo/target/Rust/Geocoder/target/debug/.fingerprint/futures-core-bf5dcf90dc2c1766
[2026-03-04 12:49:42.990] [info] [DRY-RUN] Would create directory: /home/zb_bamboo/target/Rust/Geocoder/target/debug/.fingerprint/tokio-macros-ece44cb466f358bf
[2026-03-04 12:49:42.990] [info] [DRY-RUN] Would create directory: /home/zb_bamboo/target/Rust/Geocoder/target/debug/.fingerprint/powerfmt-564c0f5bfacf0e01
[2026-03-04 12:49:42.990] [info] [DRY-RUN] Would create directory: /home/zb_bamboo/target/Rust/Geocoder/target/debug/.fingerprint/libc-893e36994c033e47
[2026-03-04 12:49:42.991] [info] [DRY-RUN] Would create directory: /home/zb_bamboo/target/Rust/Geocoder/target/debug/incremental
[2026-03-04 12:49:42.991] [info] [DRY-RUN] Would create directory: /home/zb_bamboo/target/Rust/Geocoder/target/debug/incremental/geocoder-16rsanzdaty0e
[2026-03-04 12:49:42.991] [info] [DRY-RUN] Would create directory: /home/zb_bamboo/target/Rust/Geocoder/target/debug/incremental/geocoder-16rsanzdaty0e/s-gqy9w1lzds-7eieyh-69koz2gg4jsk033ytjcglxup7
[2026-03-04 12:49:42.991] [info] [DRY-RUN] Would create directory: /home/zb_bamboo/target/Rust/Geocoder/target/debug/incremental/geocoder-16rsanzdaty0e/s-gqyaqri725-1mtihou-working
[2026-03-04 12:49:42.991] [info] [DRY-RUN] Would create directory: /home/zb_bamboo/target/Rust/Geocoder/target/debug/incremental/geocoder-wm1cs4cep3ti
[2026-03-04 12:49:42.991] [info] [DRY-RUN] Would create directory: /home/zb_bamboo/target/Rust/Geocoder/target/debug/incremental/geocoder-wm1cs4cep3ti/s-gqyaqri726-m04wrs-working
[2026-03-04 12:49:42.991] [info] [DRY-RUN] Would create directory: /home/zb_bamboo/target/Rust/Geocoder/target/debug/incremental/geocoder-wm1cs4cep3ti/s-gqy9x9akhp-14b60b6-6v2wz9zv25ntlhyfhosooohpi
[2026-03-04 12:49:42.992] [info] [DRY-RUN] Would create directory: /home/zb_bamboo/target/Rust/Geocoder/target/debug/incremental/geocoder-1bvo15ckdzzg
[2026-03-04 12:49:42.992] [info] [DRY-RUN] Would create directory: /home/zb_bamboo/target/Rust/Geocoder/target/debug/incremental/geocoder-1bvo15ckdzzg/s-gqyau00ieo-1ysy6et-working
[2026-03-04 12:49:42.992] [info] [DRY-RUN] Would create directory: /home/zb_bamboo/target/Rust/Geocoder/target/debug/examples
[2026-03-04 12:49:42.992] [info] [DRY-RUN] Would create directory: /home/zb_bamboo/target/Rust/Geocoder/target/debug/deps
[2026-03-04 12:49:43.016] [info] [DRY-RUN] Would create directory: /home/zb_bamboo/target/Rust/Geocoder/target/debug/build
[2026-03-04 12:49:43.016] [info] [DRY-RUN] Would create directory: /home/zb_bamboo/target/Rust/Geocoder/target/debug/build/rustix-6a32cc5165262c3c
[2026-03-04 12:49:43.016] [info] [DRY-RUN] Would create directory: /home/zb_bamboo/target/Rust/Geocoder/target/debug/build/futures-task-a8d5acb2f970aa24
[2026-03-04 12:49:43.017] [info] [DRY-RUN] Would create directory: /home/zb_bamboo/target/Rust/Geocoder/target/debug/build/futures-util-2a747513214ef498
[2026-03-04 12:49:43.017] [info] [DRY-RUN] Would create directory: /home/zb_bamboo/target/Rust/Geocoder/target/debug/build/futures-util-2a747513214ef498/out
[2026-03-04 12:49:43.017] [info] [DRY-RUN] Would create directory: /home/zb_bamboo/target/Rust/Geocoder/target/debug/build/futures-channel-c0df9314cfa0f28b
[2026-03-04 12:49:43.017] [info] [DRY-RUN] Would create directory: /home/zb_bamboo/target/Rust/Geocoder/target/debug/build/futures-channel-c0df9314cfa0f28b/out
[2026-03-04 12:49:43.017] [info] [DRY-RUN] Would create directory: /home/zb_bamboo/target/Rust/Geocoder/target/debug/build/ref-cast-9a5cdc2f650283ae
[2026-03-04 12:49:43.017] [info] [DRY-RUN] Would create directory: /home/zb_bamboo/target/Rust/Geocoder/target/debug/build/ref-cast-9a5cdc2f650283ae/out
[2026-03-04 12:49:43.017] [info] [DRY-RUN] Would create directory: /home/zb_bamboo/target/Rust/Geocoder/target/debug/build/lock_api-70eb8f3ceb0289e0
[2026-03-04 12:49:43.017] [info] [DRY-RUN] Would create directory: /home/zb_bamboo/target/Rust/Geocoder/target/debug/build/lock_api-70eb8f3ceb0289e0/out
[2026-03-04 12:49:43.017] [info] [DRY-RUN] Would create directory: /home/zb_bamboo/target/Rust/Geocoder/target/debug/build/futures-core-1a737ac83d0a252f
[2026-03-04 12:49:43.018] [info] [DRY-RUN] Would create directory: /home/zb_bamboo/target/Rust/Geocoder/target/debug/build/serde-57d4140e53d946ef
[2026-03-04 12:49:43.018] [info] [DRY-RUN] Would create directory: /home/zb_bamboo/target/Rust/Geocoder/target/debug/build/futures-channel-353735a47607a038
[2026-03-04 12:49:43.018] [info] [DRY-RUN] Would create directory: /home/zb_bamboo/target/Rust/Geocoder/target/debug/build/libc-d4c66bd056ff6610
[2026-03-04 12:49:43.018] [info] [DRY-RUN] Would create directory: /home/zb_bamboo/target/Rust/Geocoder/target/debug/build/libc-d4c66bd056ff6610/out
[2026-03-04 12:49:43.018] [info] [DRY-RUN] Would create directory: /home/zb_bamboo/target/Rust/Geocoder/target/debug/build/slab-db82b13c828ff2e2
[2026-03-04 12:49:43.018] [info] [DRY-RUN] Would create directory: /home/zb_bamboo/target/Rust/Geocoder/target/debug/build/proc-macro2-diagnostics-1309089af76cb77a
[2026-03-04 12:49:43.018] [info] [DRY-RUN] Would create directory: /home/zb_bamboo/target/Rust/Geocoder/target/debug/build/proc-macro2-diagnostics-1309089af76cb77a/out
[2026-03-04 12:49:43.018] [info] [DRY-RUN] Would create directory: /home/zb_bamboo/target/Rust/Geocoder/target/debug/build/libc-5d78c01519477bef
[2026-03-04 12:49:43.018] [info] [DRY-RUN] Would create directory: /home/zb_bamboo/target/Rust/Geocoder/target/debug/build/libc-5d78c01519477bef/out
[2026-03-04 12:49:43.019] [info] [DRY-RUN] Would create directory: /home/zb_bamboo/target/Rust/Geocoder/target/debug/build/parking_lot_core-9e39cb10d6717904
[2026-03-04 12:49:43.019] [info] [DRY-RUN] Would create directory: /home/zb_bamboo/target/Rust/Geocoder/target/debug/build/uncased-deaf86e4edb824b6
[2026-03-04 12:49:43.019] [info] [DRY-RUN] Would create directory: /home/zb_bamboo/target/Rust/Geocoder/target/debug/build/libc-6851c1aea713de25
[2026-03-04 12:49:43.019] [info] [DRY-RUN] Would create directory: /home/zb_bamboo/target/Rust/Geocoder/target/debug/build/figment-21dc2ff199b63595
[2026-03-04 12:49:43.019] [info] [DRY-RUN] Would create directory: /home/zb_bamboo/target/Rust/Geocoder/target/debug/build/proc-macro2-4da05c4d44bb80b9
[2026-03-04 12:49:43.019] [info] [DRY-RUN] Would create directory: /home/zb_bamboo/target/Rust/Geocoder/target/debug/build/proc-macro2-4da05c4d44bb80b9/out
[2026-03-04 12:49:43.019] [info] [DRY-RUN] Would create directory: /home/zb_bamboo/target/Rust/Geocoder/target/debug/build/proc-macro2-c915af380eb6140a
[2026-03-04 12:49:43.019] [info] [DRY-RUN] Would create directory: /home/zb_bamboo/target/Rust/Geocoder/target/debug/build/futures-util-1cd0ee6596318b08
[2026-03-04 12:49:43.020] [info] [DRY-RUN] Would create directory: /home/zb_bamboo/target/Rust/Geocoder/target/debug/build/futures-util-1cd0ee6596318b08/out
[2026-03-04 12:49:43.020] [info] [DRY-RUN] Would create directory: /home/zb_bamboo/target/Rust/Geocoder/target/debug/build/rustix-12e6e61c91c00455
[2026-03-04 12:49:43.020] [info] [DRY-RUN] Would create directory: /home/zb_bamboo/target/Rust/Geocoder/target/debug/build/rustix-12e6e61c91c00455/out
[2026-03-04 12:49:43.020] [info] [DRY-RUN] Would create directory: /home/zb_bamboo/target/Rust/Geocoder/target/debug/build/uncased-ed273305946fb31d
[2026-03-04 12:49:43.020] [info] [DRY-RUN] Would create directory: /home/zb_bamboo/target/Rust/Geocoder/target/debug/build/uncased-ed273305946fb31d/out
[2026-03-04 12:49:43.020] [info] [DRY-RUN] Would create directory: /home/zb_bamboo/target/Rust/Geocoder/target/debug/build/rocket-39bbfc432006bf7b
[2026-03-04 12:49:43.020] [info] [DRY-RUN] Would create directory: /home/zb_bamboo/target/Rust/Geocoder/target/debug/build/rocket-39bbfc432006bf7b/out
[2026-03-04 12:49:43.020] [info] [DRY-RUN] Would create directory: /home/zb_bamboo/target/Rust/Geocoder/target/debug/build/uncased-94553221835c7a61
[2026-03-04 12:49:43.020] [info] [DRY-RUN] Would create directory: /home/zb_bamboo/target/Rust/Geocoder/target/debug/build/futures-core-b5a63c13247adf59
[2026-03-04 12:49:43.021] [info] [DRY-RUN] Would create directory: /home/zb_bamboo/target/Rust/Geocoder/target/debug/build/futures-core-b5a63c13247adf59/out
[2026-03-04 12:49:43.021] [info] [DRY-RUN] Would create directory: /home/zb_bamboo/target/Rust/Geocoder/target/debug/build/uncased-12edc02c7234d686
[2026-03-04 12:49:43.021] [info] [DRY-RUN] Would create directory: /home/zb_bamboo/target/Rust/Geocoder/target/debug/build/uncased-12edc02c7234d686/out
[2026-03-04 12:49:43.021] [info] [DRY-RUN] Would create directory: /home/zb_bamboo/target/Rust/Geocoder/target/debug/build/slab-b0bb3fac5c6a184b
[2026-03-04 12:49:43.021] [info] [DRY-RUN] Would create directory: /home/zb_bamboo/target/Rust/Geocoder/target/debug/build/slab-b0bb3fac5c6a184b/out
[2026-03-04 12:49:43.021] [info] [DRY-RUN] Would create directory: /home/zb_bamboo/target/Rust/Geocoder/target/debug/build/futures-task-6dfc0fb40cbfedd9
[2026-03-04 12:49:43.021] [info] [DRY-RUN] Would create directory: /home/zb_bamboo/target/Rust/Geocoder/target/debug/build/futures-task-6dfc0fb40cbfedd9/out
[2026-03-04 12:49:43.021] [info] [DRY-RUN] Would create directory: /home/zb_bamboo/target/Rust/Geocoder/target/debug/build/httparse-dc02e071284a6d91
[2026-03-04 12:49:43.022] [info] [DRY-RUN] Would create directory: /home/zb_bamboo/target/Rust/Geocoder/target/debug/build/proc-macro2-diagnostics-b0c08e43c2c1c540
[2026-03-04 12:49:43.022] [info] [DRY-RUN] Would create directory: /home/zb_bamboo/target/Rust/Geocoder/target/debug/build/figment-ed6afd3d4bb1501e
[2026-03-04 12:49:43.022] [info] [DRY-RUN] Would create directory: /home/zb_bamboo/target/Rust/Geocoder/target/debug/build/figment-ed6afd3d4bb1501e/out
[2026-03-04 12:49:43.022] [info] [DRY-RUN] Would create directory: /home/zb_bamboo/target/Rust/Geocoder/target/debug/build/multer-ac16efdeb258f4ab
[2026-03-04 12:49:43.022] [info] [DRY-RUN] Would create directory: /home/zb_bamboo/target/Rust/Geocoder/target/debug/build/multer-ac16efdeb258f4ab/out
[2026-03-04 12:49:43.022] [info] [DRY-RUN] Would create directory: /home/zb_bamboo/target/Rust/Geocoder/target/debug/build/serde_json-fdb6800abdf270d2
[2026-03-04 12:49:43.022] [info] [DRY-RUN] Would create directory: /home/zb_bamboo/target/Rust/Geocoder/target/debug/build/rocket-b730935195a5fc8d
[2026-03-04 12:49:43.022] [info] [DRY-RUN] Would create directory: /home/zb_bamboo/target/Rust/Geocoder/target/debug/build/futures-task-c540e7ff29de2506
[2026-03-04 12:49:43.022] [info] [DRY-RUN] Would create directory: /home/zb_bamboo/target/Rust/Geocoder/target/debug/build/futures-task-128a8709944b8b40
[2026-03-04 12:49:43.023] [info] [DRY-RUN] Would create directory: /home/zb_bamboo/target/Rust/Geocoder/target/debug/build/futures-task-128a8709944b8b40/out
[2026-03-04 12:49:43.023] [info] [DRY-RUN] Would create directory: /home/zb_bamboo/target/Rust/Geocoder/target/debug/build/httparse-c9767e888fea1d45
[2026-03-04 12:49:43.023] [info] [DRY-RUN] Would create directory: /home/zb_bamboo/target/Rust/Geocoder/target/debug/build/httparse-c9767e888fea1d45/out
[2026-03-04 12:49:43.023] [info] [DRY-RUN] Would create directory: /home/zb_bamboo/target/Rust/Geocoder/target/debug/build/ref-cast-e6f295a2512b419d
[2026-03-04 12:49:43.023] [info] [DRY-RUN] Would create directory: /home/zb_bamboo/target/Rust/Geocoder/target/debug/build/futures-core-d8fd04ed4d767b4e
[2026-03-04 12:49:43.023] [info] [DRY-RUN] Would create directory: /home/zb_bamboo/target/Rust/Geocoder/target/debug/build/futures-core-09d4854810f6e70a
[2026-03-04 12:49:43.023] [info] [DRY-RUN] Would create directory: /home/zb_bamboo/target/Rust/Geocoder/target/debug/build/futures-core-09d4854810f6e70a/out
[2026-03-04 12:49:43.023] [info] [DRY-RUN] Would create directory: /home/zb_bamboo/target/Rust/Geocoder/target/debug/build/lock_api-fac1c23b93b56938
[2026-03-04 12:49:43.023] [info] [DRY-RUN] Would create directory: /home/zb_bamboo/target/Rust/Geocoder/target/debug/build/futures-util-1f9c101fd9ae9beb
[2026-03-04 12:49:43.024] [info] [DRY-RUN] Would create directory: /home/zb_bamboo/target/Rust/Geocoder/target/debug/build/parking_lot_core-54504ba8a929bfe0
[2026-03-04 12:49:43.024] [info] [DRY-RUN] Would create directory: /home/zb_bamboo/target/Rust/Geocoder/target/debug/build/parking_lot_core-54504ba8a929bfe0/out
[2026-03-04 12:49:43.024] [info] [DRY-RUN] Would create directory: /home/zb_bamboo/target/Rust/Geocoder/target/debug/build/futures-util-8cc9868a818abde9
[2026-03-04 12:49:43.024] [info] [DRY-RUN] Would create directory: /home/zb_bamboo/target/Rust/Geocoder/target/debug/build/multer-889fd40f846c40d4
[2026-03-04 12:49:43.024] [info] [DRY-RUN] Would create directory: /home/zb_bamboo/target/Rust/Geocoder/target/debug/build/async-trait-46b1606966e9d7ae
[2026-03-04 12:49:43.024] [info] [DRY-RUN] Would create directory: /home/zb_bamboo/target/Rust/Geocoder/target/debug/build/async-trait-46b1606966e9d7ae/out
[2026-03-04 12:49:43.024] [info] [DRY-RUN] Would create directory: /home/zb_bamboo/target/Rust/Geocoder/target/debug/build/cookie-68a3bd792bf99bb9
[2026-03-04 12:49:43.024] [info] [DRY-RUN] Would create directory: /home/zb_bamboo/target/Rust/Geocoder/target/debug/build/cookie-68a3bd792bf99bb9/out
[2026-03-04 12:49:43.025] [info] [DRY-RUN] Would create directory: /home/zb_bamboo/target/Rust/Geocoder/target/debug/build/cookie-ceeb265fe93221b1
[2026-03-04 12:49:43.025] [info] [DRY-RUN] Would create directory: /home/zb_bamboo/target/Rust/Geocoder/target/debug/build/async-trait-3889424ac802f774
[2026-03-04 12:49:43.025] [info] [DRY-RUN] Would create directory: /home/zb_bamboo/target/Rust/Geocoder/target/debug/build/serde-9e56ab711de7447c
[2026-03-04 12:49:43.025] [info] [DRY-RUN] Would create directory: /home/zb_bamboo/target/Rust/Geocoder/target/debug/build/serde-9e56ab711de7447c/out
[2026-03-04 12:49:43.025] [info] [DRY-RUN] Would create directory: /home/zb_bamboo/target/Rust/Geocoder/target/debug/build/serde_json-2fee67f162a73868
[2026-03-04 12:49:43.025] [info] [DRY-RUN] Would create directory: /home/zb_bamboo/target/Rust/Geocoder/target/debug/build/serde_json-2fee67f162a73868/out
[2026-03-04 12:49:43.025] [info] [DRY-RUN] Would create directory: /home/zb_bamboo/target/Rust/Geocoder/target/debug/build/libc-893e36994c033e47
[2026-03-04 12:49:43.025] [info] [DRY-RUN] Would create directory: /home/zb_bamboo/target/Rust/Geocoder/.git
[2026-03-04 12:49:43.026] [info] [DRY-RUN] Would create directory: /home/zb_bamboo/target/Rust/Geocoder/.git/objects
[2026-03-04 12:49:43.026] [info] [DRY-RUN] Would create directory: /home/zb_bamboo/target/Rust/Geocoder/.git/objects/pack
[2026-03-04 12:49:43.026] [info] [DRY-RUN] Would create directory: /home/zb_bamboo/target/Rust/Geocoder/.git/objects/info
[2026-03-04 12:49:43.026] [info] [DRY-RUN] Would create directory: /home/zb_bamboo/target/Rust/Geocoder/.git/info
[2026-03-04 12:49:43.026] [info] [DRY-RUN] Would create directory: /home/zb_bamboo/target/Rust/Geocoder/.git/hooks
[2026-03-04 12:49:43.026] [info] [DRY-RUN] Would create directory: /home/zb_bamboo/target/Rust/Geocoder/.git/refs
[2026-03-04 12:49:43.026] [info] [DRY-RUN] Would create directory: /home/zb_bamboo/target/Rust/Geocoder/.git/refs/heads
[2026-03-04 12:49:43.026] [info] [DRY-RUN] Would create directory: /home/zb_bamboo/target/Rust/Geocoder/.git/refs/tags
[2026-03-04 12:49:43.026] [info] [DRY-RUN] Would create directory: /home/zb_bamboo/target/Rust/Geocoder/.vscode
[2026-03-04 12:49:43.026] [info] [DRY-RUN] Would create directory: /home/zb_bamboo/target/Rust/Geocoder/src
[2026-03-04 12:49:43.026] [info] [DRY-RUN] Would create directory: /home/zb_bamboo/target/Rust/Geocoder/src/fairings
[2026-03-04 12:49:43.026] [info] [DRY-RUN] Would create directory: /home/zb_bamboo/target/Rust/Geocoder/src/ui
[2026-03-04 12:49:43.026] [info] [DRY-RUN] Would create directory: /home/zb_bamboo/target/Rust/Geocoder/src/nominatim
[2026-03-04 12:49:43.026] [info] [DRY-RUN] Would create directory: /home/zb_bamboo/target/Rust/Geocoder/src/controllers
[2026-03-04 12:49:43.066] [info] SSH authenticated successfully using SSH agent.
[2026-03-04 12:49:43.066] [info] SSH authenticated successfully using SSH agent.
[2026-03-04 12:49:43.066] [info] SSH authenticated successfully using SSH agent.
[2026-03-04 12:49:43.068] [info] SSH authenticated successfully using SSH agent.
[2026-03-04 12:49:43.172] [info] SFTP session initialized.
[2026-03-04 12:49:43.172] [info] SFTP session initialized.
[2026-03-04 12:49:43.172] [info] SFTP session initialized.
[2026-03-04 12:49:43.177] [info] SFTP session initialized.
[2026-03-04 12:49:43.395] [info] SSH connection closed.
[2026-03-04 12:49:43.395] [info] SSH connection closed.
[2026-03-04 12:49:43.395] [info] SSH connection closed.
[2026-03-04 12:49:43.395] [info] SSH connection closed.
[2026-03-04 12:49:43.395] [info] SSH connection closed.
[2026-03-04 12:49:43.395] [info] SSH connection closed.
[2026-03-04 12:49:43.395] [info] SSH connection closed.
[2026-03-04 12:49:43.395] [info] SSH connection closed.
[2026-03-04 12:49:43.395] [info] Folder synchronization completed successfully.
[2026-03-04 12:49:43.395] [info] SSH connection closed.
[2026-03-04 12:49:43.395] [info] Application finished successfully.
[2026-03-04 12:49:43.395] [info] SSH connection closed.
